GROUP,PACKAGE,CLASS,INSTRUCTION_MISSED,INSTRUCTION_COVERED,BRANCH_MISSED,BRANCH_COVERED,LINE_MISSED,LINE_COVERED,COMPLEXITY_MISSED,COMPLEXITY_COVERED,METHOD_MISSED,METHOD_COVERED
Transactional Event Library Quarkus Deployment,com.github.jonasrutishauser.transactional.event.quarkus.deployment,TransactionalEventBuildCompatibleExtension,26,692,15,49,4,147,15,52,0,35
Transactional Event Library Quarkus Deployment,com.github.jonasrutishauser.transactional.event.quarkus.deployment,TransactionalEventBuildCompatibleExtension.LifecycleObserverInfo,0,44,0,2,0,12,0,6,0,5
Transactional Event Library Quarkus Deployment,com.github.jonasrutishauser.transactional.event.quarkus.deployment,TransactionalEventExtensionProcessor,26,202,8,14,6,41,8,11,0,8
