GROUP,PACKAGE,CLASS,INSTRUCTION_MISSED,INSTRUCTION_COVERED,BRANCH_MISSED,BRANCH_COVERED,LINE_MISSED,LINE_COVERED,COMPLEXITY_MISSED,COMPLEXITY_COVERED,METHOD_MISSED,METHOD_COVERED
Transactional Event Library Quarkus Deployment,com.github.jonasrutishauser.transactional.event.quarkus.deployment,TransactionalEventBuildCompatibleExtension,32,356,9,27,6,81,10,29,1,20
Transactional Event Library Quarkus Deployment,com.github.jonasrutishauser.transactional.event.quarkus.deployment,TransactionalEventExtensionProcessor,26,213,9,17,6,39,9,13,0,9
