<?xml version="1.0" encoding="UTF-8" standalone="yes"?><!DOCTYPE report PUBLIC "-//JACOCO//DTD Report 1.1//EN" "report.dtd"><report name="Transactional Event Library CDI Test extension"><sessioninfo id="fv-az1024-683-ee5569e9" start="1719945223939" dump="1719945287083"/><sessioninfo id="fv-az1024-683-c9af06cd" start="1719945223871" dump="1719945321842"/><sessioninfo id="fv-az1024-683-507168f4" start="1719945223915" dump="1719945338290"/><sessioninfo id="fv-az1024-683-1a9c95ae" start="1719945224052" dump="1719945380397"/><sessioninfo id="fv-az1024-683-65a38508" start="1719945223969" dump="1719945429900"/><sessioninfo id="fv-az1024-683-58597672" start="1719945455997" dump="1719945489931"/><sessioninfo id="fv-az1024-683-1f0d68bf" start="1719945505421" dump="1719945547570"/><package name="com/github/jonasrutishauser/transactional/event/cdi/test"><class name="com/github/jonasrutishauser/transactional/event/cdi/test/DbConfiguration" sourcefilename="DbConfiguration.java"><method name="&lt;init&gt;" desc="()V" line="12"><counter type="INSTRUCTION" missed="3" covered="0"/><counter type="LINE" missed="1" covered="0"/><counter type="COMPLEXITY" missed="1" covered="0"/><counter type="METHOD" missed="1" covered="0"/></method><counter type="INSTRUCTION" missed="3" covered="0"/><counter type="LINE" missed="1" covered="0"/><counter type="COMPLEXITY" missed="1" covered="0"/><counter type="METHOD" missed="1" covered="0"/><counter type="CLASS" missed="1" covered="0"/></class><sourcefile name="DbConfiguration.java"><line nr="12" mi="3" ci="0" mb="0" cb="0"/><counter type="INSTRUCTION" missed="3" covered="0"/><counter type="LINE" missed="1" covered="0"/><counter type="COMPLEXITY" missed="1" covered="0"/><counter type="METHOD" missed="1" covered="0"/><counter type="CLASS" missed="1" covered="0"/></sourcefile><counter type="INSTRUCTION" missed="3" covered="0"/><counter type="LINE" missed="1" covered="0"/><counter type="COMPLEXITY" missed="1" covered="0"/><counter type="METHOD" missed="1" covered="0"/><counter type="CLASS" missed="1" covered="0"/></package><counter type="INSTRUCTION" missed="3" covered="0"/><counter type="LINE" missed="1" covered="0"/><counter type="COMPLEXITY" missed="1" covered="0"/><counter type="METHOD" missed="1" covered="0"/><counter type="CLASS" missed="1" covered="0"/></report>