GROUP,PACKAGE,CLASS,INSTRUCTION_MISSED,INSTRUCTION_COVERED,BRANCH_MISSED,BRANCH_COVERED,LINE_MISSED,LINE_COVERED,COMPLEXITY_MISSED,COMPLEXITY_COVERED,METHOD_MISSED,METHOD_COVERED
Transactional Event Library CDI Test extension,com.github.jonasrutishauser.transactional.event.cdi.test,NoOpContextServiceProvider.new ContextService() {...},41,0,0,0,6,0,6,0,6,0
Transactional Event Library CDI Test extension,com.github.jonasrutishauser.transactional.event.cdi.test,DbConfiguration,3,0,0,0,1,0,1,0,1,0
Transactional Event Library CDI Test extension,com.github.jonasrutishauser.transactional.event.cdi.test,NoOpContextServiceProvider,8,0,0,0,2,0,2,0,2,0
